This is pdfTeX, Version 3.14159265-2.6-1.40.17 (TeX Live 2016) (preloaded format=pdflatex 2016.5.22)  13 MAR 2017 17:09
entering extended mode
 restricted \write18 enabled.
 file:line:error style messages enabled.
 %&-line parsing enabled.
**popcorn
(./popcorn.tex
LaTeX2e <2016/03/31>
Babel <3.9r> and hyphenation patterns for 83 language(s) loaded.
(/usr/local/texlive/2016/texmf-dist/tex/latex/aastex/aastex6.cls

LaTeX Warning: You have requested document class `aastex6',
               but the document class provides `aastex'.

Document Class: aastex 2016/02/16 1.0/AAS markup document class
Class aastex Info: 
 
 Original \LaTeX2.09 style by Chris Biemesderfer (chris@seagoat.com). 
 Adapted to \LaTeXe by A. Ogawa (ogawa@teleport.com)
 emulateapj.cls included, Copyright 2000-2015 Alexey Vikhlinin 
 Rewrite and update of emulateapj.cls, revised and enhanced with table macros, 
gridlines, draft watermark,
 ORCID identifier and more, by Amy Hendrickson,
 (amyh@texnology.com, http://www.texnology.com) 
 
  on input line 106.
\bibbaselineskip=\skip41
(/usr/local/texlive/2016/texmf-dist/tex/latex/lineno/lineno.sty
Package: lineno 2005/11/02 line numbers on paragraphs v4.41
\linenopenalty=\count79
\output=\toks14
\linenoprevgraf=\count80
\linenumbersep=\dimen102
\linenumberwidth=\dimen103
\c@linenumber=\count81
\c@pagewiselinenumber=\count82
\c@LN@truepage=\count83
\c@internallinenumber=\count84
\c@internallinenumbers=\count85
\quotelinenumbersep=\dimen104
\bframerule=\dimen105
\bframesep=\dimen106
\bframebox=\box26
LaTeX Info: Redefining \\ on input line 3056.
)
(/usr/local/texlive/2016/texmf-dist/tex/latex/revtex/revtex4-1.cls
Document Class: revtex4-1 2010/07/25/20:33:00 4.1r (http://publish.aps.org/revt
ex4/ for documentation)
 Copyright (c) 2009 The American Physical Society.
 mailto:revtex@aps.org
 Licensed under the LPPL:
http://www.ctan.org/tex-archive/macros/latex/base/lppl.txt
 Arthur Ogawa <arthur_ogawa at sbcglobal dot net>
 Based on work by David Carlisle <david at dcarlisle.demon.co.uk>.
ltxutil[2010/07/25/20:33:00 4.1r utilities package (portions licensed from W. E
. Baxter web at superscript.com)]
LaTeX Info: Redefining \@centercr on input line 308.
Class revtex4-1 Info: Repairing hyperref-unfriendly LaTeX definition of \mpfoot
note on input line 433.
Class revtex4-1 Info: Repairing broken LateX \@sect on input line 755.
\intertabularlinepenalty=\count86
\@tbpen=\count87
\@arstrutbox@hline=\box27
Class revtex4-1 Info: Repairing broken LaTeX \@xbitor on input line 1786.
Class revtex4-1 Info: Making \typeout \long on input line 2046.
ltxfront[2010/07/25/20:33:00 4.1r frontmatter package (AO,DPC)]
\c@affil=\count88
\c@collab=\count89
\absbox=\box28
ltxgrid[2010/07/25/20:33:00 4.1r page grid package (portions licensed from W. E
. Baxter web at superscript.com)]
\c@linecount=\count90
\output@latex=\toks15
\box@size@1=\box29
\box@size@2=\box30
\@protection@box=\box31
\@topmark@saved=\toks16
\footins@saved=\box32
\footins@recovered=\box33
\column@recovered=\box34
\pagesofar=\box35
\footsofar=\box36
\pagegrid@col=\count91

Class revtex4-1 Warning: Failed to recognize \@vspace, \@vspacer, \@no@pgbk, \@
newline, and \\; no patches applied. Please get a more up-to-date class, .

\c@part=\count92
\c@section=\count93
\c@subsection=\count94
\c@subsubsection=\count95
\c@paragraph=\count96
\c@subparagraph=\count97
\abovecaptionskip=\skip42
\belowcaptionskip=\skip43
\c@figure=\count98
\fbox@1=\box37
\c@table=\count99
\fbox@2=\box38
\c@video=\count100
\fbox@4=\box39
\@bibdataout=\write3
\widetext@top=\box40
\widetext@bot=\box41
Class revtex4-1 Info: Selecting society aps on input line 7542.
(/usr/local/texlive/2016/texmf-dist/tex/latex/revtex/aps4-1.rtx
File: aps4-1 2010/07/25/20:33:00 4.1r (http://publish.aps.org/revtex4/ for docu
mentation)
Class revtex4-1 Info: RevTeX society APS selected on input line 31.
)
Class revtex4-1 Info: Selecting journal pra on input line 7544.
Class revtex4-1 Info: APS journal PRA selected on input line 7545.

(/usr/local/texlive/2016/texmf-dist/tex/latex/revtex/aps10pt4-1.rtx
File: aps10pt4-1 2010/07/25/20:33:00 4.1r (http://publish.aps.org/revtex4/ for 
documentation)
Class revtex4-1 Info: RevTeX pointsize 10pt selected on input line 30.
)
(/usr/local/texlive/2016/texmf-dist/tex/latex/textcase/textcase.sty
Package: textcase 2004/10/07 v0.07 Text only upper/lower case changing (DPC)
)
(/usr/local/texlive/2016/texmf-dist/tex/latex/url/url.sty
\Urlmuskip=\muskip10
Package: url 2013/09/16  ver 3.4  Verb mode for urls, etc.
)
(/usr/local/texlive/2016/texmf-dist/tex/latex/natbib/natbib.sty
Package: natbib 2010/09/13 8.31b (PWD, AO)
\bibhang=\skip44
\bibsep=\skip45
LaTeX Info: Redefining \cite on input line 694.
\c@NAT@ctr=\count101
)
Class revtex4-1 Info: Repairing natbib's \BibitemShut on input line 7549.

(/usr/local/texlive/2016/texmf-dist/tex/latex/revtex/revsymb4-1.sty
Package: revsymb4-1 2010/07/25/20:33:00 4.1r (http://publish.aps.org/revtex4/ f
or documentation)
LaTeX Info: Redefining \REV@mathfrak on input line 119.
))
(/usr/local/texlive/2016/texmf-dist/tex/latex/base/latexsym.sty
Package: latexsym 1998/08/17 v2.2e Standard LaTeX package (lasy symbols)
\symlasy=\mathgroup4
LaTeX Font Info:    Overwriting symbol font `lasy' in version `bold'
(Font)                  U/lasy/m/n --> U/lasy/b/n on input line 52.
)
(/usr/local/texlive/2016/texmf-dist/tex/latex/graphics/graphicx.sty
Package: graphicx 2014/10/28 v1.0g Enhanced LaTeX Graphics (DPC,SPQR)

(/usr/local/texlive/2016/texmf-dist/tex/latex/graphics/keyval.sty
Package: keyval 2014/10/28 v1.15 key=value parser (DPC)
\KV@toks@=\toks17
)
(/usr/local/texlive/2016/texmf-dist/tex/latex/graphics/graphics.sty
Package: graphics 2016/05/09 v1.0r Standard LaTeX Graphics (DPC,SPQR)

(/usr/local/texlive/2016/texmf-dist/tex/latex/graphics/trig.sty
Package: trig 2016/01/03 v1.10 sin cos tan (DPC)
)
(/usr/local/texlive/2016/texmf-dist/tex/latex/graphics-cfg/graphics.cfg
File: graphics.cfg 2016/01/02 v1.10 sample graphics configuration
)
Package graphics Info: Driver file: pdftex.def on input line 96.

(/usr/local/texlive/2016/texmf-dist/tex/latex/pdftex-def/pdftex.def
File: pdftex.def 2011/05/27 v0.06d Graphics/color for pdfTeX

(/usr/local/texlive/2016/texmf-dist/tex/generic/oberdiek/infwarerr.sty
Package: infwarerr 2016/05/16 v1.4 Providing info/warning/error messages (HO)
)
(/usr/local/texlive/2016/texmf-dist/tex/generic/oberdiek/ltxcmds.sty
Package: ltxcmds 2016/05/16 v1.23 LaTeX kernel commands for general use (HO)
)
\Gread@gobject=\count102
))
\Gin@req@height=\dimen107
\Gin@req@width=\dimen108
)
(/usr/local/texlive/2016/texmf-dist/tex/latex/amsfonts/amssymb.sty
Package: amssymb 2013/01/14 v3.01 AMS font symbols

(/usr/local/texlive/2016/texmf-dist/tex/latex/amsfonts/amsfonts.sty
Package: amsfonts 2013/01/14 v3.01 Basic AMSFonts support
\@emptytoks=\toks18
\symAMSa=\mathgroup5
\symAMSb=\mathgroup6
LaTeX Font Info:    Overwriting math alphabet `\mathfrak' in version `bold'
(Font)                  U/euf/m/n --> U/euf/b/n on input line 106.
LaTeX Info: Redefining \frak on input line 111.
LaTeX Info: Redefining \Bbb on input line 113.
))
(/usr/local/texlive/2016/texmf-dist/tex/generic/epsf/epsf.sty
This is `epsf.tex' v2.7.4 <14 February 2011>
\epsffilein=\read1
\epsfframemargin=\dimen109
\epsfframethickness=\dimen110
\epsfrsize=\dimen111
\epsftmp=\dimen112
\epsftsize=\dimen113
\epsfxsize=\dimen114
\epsfysize=\dimen115
\pspoints=\dimen116
)
\fncount=\count103
\endfncount=\count104
\c@front@matter@foot@note=\count105
\alt@affil@toks=\toks19
\alt@affil@toks@count=\toks20
\keys@width=\skip46
\c@lastfootnote=\count106
\c@remember@figure@num=\count107
\c@remember@table@num=\count108
\bibindent=\dimen117
\plot@width=\skip47
\c@table@save=\count109
\@abovenoteskip=\dimen118
\table@note@skip=\skip48
\deluxe@table@width=\skip49
\@d@t@a=\skip50
\c@deluxe@table@num=\count110
\LTcapwidth=\dimen119
\abovedeluxetableskip=\skip51
\belowdeluxetableskip=\skip52
\lastrowheight=\dimen120
\DT@p@ftn=\toks21
\pt@column=\count111
\pt@ncol=\count112
 (/usr/local/texlive/2016/texmf-dist/tex/latex/tools/longtable.sty
Package: longtable 2014/10/28 v4.11 Multi-page Table package (DPC)
\LTleft=\skip53
\LTright=\skip54
\LTpre=\skip55
\LTpost=\skip56
\LTchunksize=\count113
\LTcapwidth=\dimen121
\LT@head=\box42
\LT@firsthead=\box43
\LT@foot=\box44
\LT@lastfoot=\box45
\LT@cols=\count114
\LT@rows=\count115
\c@LT@tables=\count116
\c@LT@chunks=\count117
\LT@p@ftn=\toks22
)
(/usr/local/texlive/2016/texmf-dist/tex/latex/hyperref/hyperref.sty
Package: hyperref 2016/05/05 v6.83n Hypertext links for LaTeX

(/usr/local/texlive/2016/texmf-dist/tex/generic/oberdiek/hobsub-hyperref.sty
Package: hobsub-hyperref 2016/05/16 v1.14 Bundle oberdiek, subset hyperref (HO)


(/usr/local/texlive/2016/texmf-dist/tex/generic/oberdiek/hobsub-generic.sty
Package: hobsub-generic 2016/05/16 v1.14 Bundle oberdiek, subset generic (HO)
Package: hobsub 2016/05/16 v1.14 Construct package bundles (HO)
Package hobsub Info: Skipping package `infwarerr' (already loaded).
Package hobsub Info: Skipping package `ltxcmds' (already loaded).
Package: ifluatex 2016/05/16 v1.4 Provides the ifluatex switch (HO)
Package ifluatex Info: LuaTeX not detected.
Package: ifvtex 2016/05/16 v1.6 Detect VTeX and its facilities (HO)
Package ifvtex Info: VTeX not detected.
Package: intcalc 2016/05/16 v1.2 Expandable calculations with integers (HO)
Package: ifpdf 2016/05/14 v3.1 Provides the ifpdf switch
Package: etexcmds 2016/05/16 v1.6 Avoid name clashes with e-TeX commands (HO)
Package etexcmds Info: Could not find \expanded.
(etexcmds)             That can mean that you are not using pdfTeX 1.50 or
(etexcmds)             that some package has redefined \expanded.
(etexcmds)             In the latter case, load this package earlier.
Package: kvsetkeys 2016/05/16 v1.17 Key value parser (HO)
Package: kvdefinekeys 2016/05/16 v1.4 Define keys (HO)
Package: pdftexcmds 2016/05/10 v0.21 Utility functions of pdfTeX for LuaTeX (HO
)
Package pdftexcmds Info: LuaTeX not detected.
Package pdftexcmds Info: \pdf@primitive is available.
Package pdftexcmds Info: \pdf@ifprimitive is available.
Package pdftexcmds Info: \pdfdraftmode found.
Package: pdfescape 2016/05/16 v1.14 Implements pdfTeX's escape features (HO)
Package: bigintcalc 2016/05/16 v1.4 Expandable calculations on big integers (HO
)
Package: bitset 2016/05/16 v1.2 Handle bit-vector datatype (HO)
Package: uniquecounter 2016/05/16 v1.3 Provide unlimited unique counter (HO)
)
Package hobsub Info: Skipping package `hobsub' (already loaded).
Package: letltxmacro 2016/05/16 v1.5 Let assignment for LaTeX macros (HO)
Package: hopatch 2016/05/16 v1.3 Wrapper for package hooks (HO)
Package: xcolor-patch 2016/05/16 xcolor patch
Package: atveryend 2016/05/16 v1.9 Hooks at the very end of document (HO)
Package: atbegshi 2016/05/16 v1.17 At begin shipout hook (HO)
Package: refcount 2016/05/16 v3.5 Data extraction from label references (HO)
Package: hycolor 2016/05/16 v1.8 Color options for hyperref/bookmark (HO)
)
(/usr/local/texlive/2016/texmf-dist/tex/generic/ifxetex/ifxetex.sty
Package: ifxetex 2010/09/12 v0.6 Provides ifxetex conditional
)
(/usr/local/texlive/2016/texmf-dist/tex/latex/oberdiek/auxhook.sty
Package: auxhook 2016/05/16 v1.4 Hooks for auxiliary files (HO)
)
(/usr/local/texlive/2016/texmf-dist/tex/latex/oberdiek/kvoptions.sty
Package: kvoptions 2016/05/16 v3.12 Key value format for package options (HO)
)
\@linkdim=\dimen122
\Hy@linkcounter=\count118
\Hy@pagecounter=\count119

(/usr/local/texlive/2016/texmf-dist/tex/latex/hyperref/pd1enc.def
File: pd1enc.def 2016/05/05 v6.83n Hyperref: PDFDocEncoding definition (HO)
)
\Hy@SavedSpaceFactor=\count120

(/usr/local/texlive/2016/texmf-dist/tex/latex/latexconfig/hyperref.cfg
File: hyperref.cfg 2002/06/06 v1.2 hyperref configuration of TeXLive
)
Package hyperref Info: Option `bookmarks' set `false' on input line 4322.
Package hyperref Info: Option `pdfnewwindow' set `true' on input line 4322.
Package hyperref Info: Option `colorlinks' set `true' on input line 4322.
Package hyperref Info: Hyper figures OFF on input line 4446.
Package hyperref Info: Link nesting OFF on input line 4451.
Package hyperref Info: Hyper index ON on input line 4454.
Package hyperref Info: Plain pages OFF on input line 4461.
Package hyperref Info: Backreferencing OFF on input line 4466.
Package hyperref Info: Implicit mode ON; LaTeX internals redefined.
Package hyperref Info: Bookmarks OFF on input line 4697.
LaTeX Info: Redefining \href on input line 4955.
\c@Hy@tempcnt=\count121
LaTeX Info: Redefining \url on input line 5044.
\XeTeXLinkMargin=\dimen123
\Fld@menulength=\count122
\Field@Width=\dimen124
\Fld@charsize=\dimen125
Package hyperref Info: Hyper figures OFF on input line 6298.
Package hyperref Info: Link nesting OFF on input line 6303.
Package hyperref Info: Hyper index ON on input line 6306.
Package hyperref Info: backreferencing OFF on input line 6313.
Package hyperref Info: Link coloring ON on input line 6316.
Package hyperref Info: Link coloring with OCG OFF on input line 6323.
Package hyperref Info: PDF/A mode OFF on input line 6328.
LaTeX Info: Redefining \ref on input line 6368.
LaTeX Info: Redefining \pageref on input line 6372.
\Hy@abspage=\count123
\c@Item=\count124
\c@Hfootnote=\count125
)

Package hyperref Message: Driver (autodetected): hpdftex.

(/usr/local/texlive/2016/texmf-dist/tex/latex/hyperref/hpdftex.def
File: hpdftex.def 2016/05/05 v6.83n Hyperref driver for pdfTeX
\Fld@listcount=\count126
\c@bookmark@seq@number=\count127

(/usr/local/texlive/2016/texmf-dist/tex/latex/oberdiek/rerunfilecheck.sty
Package: rerunfilecheck 2016/05/16 v1.8 Rerun checks for auxiliary files (HO)
Package uniquecounter Info: New unique counter `rerunfilecheck' on input line 2
82.
)
\Hy@SectionHShift=\skip57
)
(/usr/local/texlive/2016/texmf-dist/tex/latex/xcolor/xcolor.sty
Package: xcolor 2016/05/11 v2.12 LaTeX color extensions (UK)

(/usr/local/texlive/2016/texmf-dist/tex/latex/graphics-cfg/color.cfg
File: color.cfg 2016/01/02 v1.6 sample color configuration
)
Package xcolor Info: Driver file: pdftex.def on input line 225.
Package xcolor Info: Model `cmy' substituted by `cmy0' on input line 1348.
Package xcolor Info: Model `hsb' substituted by `rgb' on input line 1352.
Package xcolor Info: Model `RGB' extended on input line 1364.
Package xcolor Info: Model `HTML' substituted by `rgb' on input line 1366.
Package xcolor Info: Model `Hsb' substituted by `hsb' on input line 1367.
Package xcolor Info: Model `tHsb' substituted by `hsb' on input line 1368.
Package xcolor Info: Model `HSB' substituted by `hsb' on input line 1369.
Package xcolor Info: Model `Gray' substituted by `gray' on input line 1370.
Package xcolor Info: Model `wave' substituted by `hsb' on input line 1371.
)
(/usr/local/texlive/2016/texmf-dist/tex/latex/tools/array.sty
Package: array 2014/10/28 v2.4c Tabular extension package (FMi)
\col@sep=\dimen126
\extrarowheight=\dimen127
\NC@list=\toks23
\extratabsurround=\skip58
\backup@length=\skip59
)
\colcount=\count128
\firstcolcount=\count129
\secondcolcount=\count130
\thirdcolcount=\count131
\columncount=\count132
\howmanyDs=\count133
\firsthowmanyDs=\count134
\secondhowmanyDs=\count135
\PartsOfTable=\count136
\columnoneandtwo=\count137
\colnumsused=\count138
\loopnum=\count139
\totalcolumncount=\count140
\totalcolumns=\count141
\firsttablebox=\box46
\secondtablebox=\box47
\thirdtablebox=\box48
\longtablebox=\box49
\splitbox=\box50
\maxtablewidth=\dimen128
\savetabskip=\dimen129
\tempcounter=\count142
\colheadcount=\count143
\rotatingbox=\box51
\colorcount=\count144
\refchangenumber=\count145
\listchangenum=\count146

(/usr/local/texlive/2016/texmf-dist/tex/generic/ulem/ulem.sty
\UL@box=\box52
\UL@hyphenbox=\box53
\UL@skip=\skip60
\UL@hook=\toks24
\UL@height=\dimen130
\UL@pe=\count147
\UL@pixel=\dimen131
\ULC@box=\box54
Package: ulem 2012/05/18
\ULdepth=\dimen132
)
\AuthorCallLimit=\count148
\authorcount=\count149
\endauthorcount=\count150
\affilnum=\count151
\curraffilnum=\count152
\tempaffilnum=\count153
\affilcount=\count154
) (./setup.tex
(/usr/local/texlive/2016/texmf-dist/tex/latex/base/fontenc.sty
Package: fontenc 2005/09/27 v1.99g Standard LaTeX package

(/usr/local/texlive/2016/texmf-dist/tex/latex/base/t1enc.def
File: t1enc.def 2005/09/27 v1.99g Standard LaTeX file
LaTeX Font Info:    Redeclaring font encoding T1 on input line 48.
))
(/usr/local/texlive/2016/texmf-dist/tex/latex/microtype/microtype.sty
Package: microtype 2016/05/14 v2.6a Micro-typographical refinements (RS)
\MT@toks=\toks25
\MT@count=\count155
LaTeX Info: Redefining \textls on input line 774.
\MT@outer@kern=\dimen133
LaTeX Info: Redefining \textmicrotypecontext on input line 1310.
\MT@listname@count=\count156

(/usr/local/texlive/2016/texmf-dist/tex/latex/microtype/microtype-pdftex.def
File: microtype-pdftex.def 2016/05/14 v2.6a Definitions specific to pdftex (RS)

LaTeX Info: Redefining \lsstyle on input line 916.
LaTeX Info: Redefining \lslig on input line 916.
\MT@outer@space=\skip61
)
Package microtype Info: Loading configuration file microtype.cfg.

(/usr/local/texlive/2016/texmf-dist/tex/latex/microtype/microtype.cfg
File: microtype.cfg 2016/05/14 v2.6a microtype main configuration file (RS)
))
(/usr/local/texlive/2016/texmf-dist/tex/latex/tools/afterpage.sty
Package: afterpage 2014/10/28 v1.08 After-Page Package (DPC)
\AP@output=\toks26
\AP@partial=\box55
\AP@footins=\box56
)
(/usr/local/texlive/2016/texmf-dist/tex/latex/amsmath/amsmath.sty
Package: amsmath 2016/03/10 v2.15b AMS math features
\@mathmargin=\skip62

For additional information on amsmath, use the `?' option.
(/usr/local/texlive/2016/texmf-dist/tex/latex/amsmath/amstext.sty
Package: amstext 2000/06/29 v2.01 AMS text

(/usr/local/texlive/2016/texmf-dist/tex/latex/amsmath/amsgen.sty
File: amsgen.sty 1999/11/30 v2.0 generic functions
\@emptytoks=\toks27
\ex@=\dimen134
)
LaTeX Info: Redefining \text on input line 28.
)
(/usr/local/texlive/2016/texmf-dist/tex/latex/amsmath/amsbsy.sty
Package: amsbsy 1999/11/29 v1.2d Bold Symbols
\pmbraise@=\dimen135
)
(/usr/local/texlive/2016/texmf-dist/tex/latex/amsmath/amsopn.sty
Package: amsopn 2016/03/08 v2.02 operator names
)
\inf@bad=\count157
LaTeX Info: Redefining \frac on input line 199.
\uproot@=\count158
\leftroot@=\count159
LaTeX Info: Redefining \overline on input line 297.
\classnum@=\count160
\DOTSCASE@=\count161
LaTeX Info: Redefining \ldots on input line 394.
LaTeX Info: Redefining \dots on input line 397.
LaTeX Info: Redefining \cdots on input line 518.
\Mathstrutbox@=\box57
\strutbox@=\box58
\big@size=\dimen136
LaTeX Font Info:    Redeclaring font encoding OML on input line 634.
LaTeX Font Info:    Redeclaring font encoding OMS on input line 635.
\macc@depth=\count162
\c@MaxMatrixCols=\count163
\dotsspace@=\muskip11
\c@parentequation=\count164
\dspbrk@lvl=\count165
\tag@help=\toks28
\row@=\count166
\column@=\count167
\maxfields@=\count168
\andhelp@=\toks29
\eqnshift@=\dimen137
\alignsep@=\dimen138
\tagshift@=\dimen139
\tagwidth@=\dimen140
\totwidth@=\dimen141
\lineht@=\dimen142
\@envbody=\toks30
\multlinegap=\skip63
\multlinetaggap=\skip64
\mathdisplay@stack=\toks31
LaTeX Info: Redefining \[ on input line 2739.
LaTeX Info: Redefining \] on input line 2740.
)
(/usr/local/texlive/2016/texmf-dist/tex/latex/tools/dcolumn.sty
Package: dcolumn 2014/10/28 v1.06 decimal alignment package (DPC)


Package array Warning: Column D is already defined on input line 81.

)

Package array Warning: Column d is already defined on input line 8.


Package array Warning: Column L is already defined on input line 11.


Package array Warning: Column R is already defined on input line 12.


Package array Warning: Column C is already defined on input line 13.

)
Class revtex4-1 Info: Unrecognized array package. Please update this document c
lass! (Proceeding with fingers crossed.) on input line 8.
Class revtex4-1 Info: Patching unrecognized longtable package. (Proceeding with
 fingers crossed) on input line 8.
Class revtex4-1 Info: Robustifying \LaTeX's \boldmath command on input line 8.
Class revtex4-1 Info: cite was not loaded (OK!) on input line 8.
Class revtex4-1 Info: mcite was not loaded (OK!) on input line 8.
Class revtex4-1 Info: multicol was not loaded (OK!) on input line 8.
 (./_latexwork/popcorn.aux)
\openout1 = `_latexwork/popcorn.aux'.

LaTeX Font Info:    Checking defaults for OML/cmm/m/it on input line 8.
LaTeX Font Info:    ... okay on input line 8.
LaTeX Font Info:    Checking defaults for T1/cmr/m/n on input line 8.
LaTeX Font Info:    ... okay on input line 8.
LaTeX Font Info:    Checking defaults for OT1/cmr/m/n on input line 8.
LaTeX Font Info:    ... okay on input line 8.
LaTeX Font Info:    Checking defaults for OMS/cmsy/m/n on input line 8.
LaTeX Font Info:    ... okay on input line 8.
LaTeX Font Info:    Checking defaults for OMX/cmex/m/n on input line 8.
LaTeX Font Info:    ... okay on input line 8.
LaTeX Font Info:    Checking defaults for U/cmr/m/n on input line 8.
LaTeX Font Info:    ... okay on input line 8.
LaTeX Font Info:    Checking defaults for PD1/pdf/m/n on input line 8.
LaTeX Font Info:    ... okay on input line 8.

(/usr/local/texlive/2016/texmf-dist/tex/context/base/mkii/supp-pdf.mkii
[Loading MPS to PDF converter (version 2006.09.02).]
\scratchcounter=\count169
\scratchdimen=\dimen143
\scratchbox=\box59
\nofMPsegments=\count170
\nofMParguments=\count171
\everyMPshowfont=\toks32
\MPscratchCnt=\count172
\MPscratchDim=\dimen144
\MPnumerator=\count173
\makeMPintoPDFobject=\count174
\everyMPtoPDFconversion=\toks33
) (/usr/local/texlive/2016/texmf-dist/tex/latex/oberdiek/epstopdf-base.sty
Package: epstopdf-base 2016/05/15 v2.6 Base part for package epstopdf

(/usr/local/texlive/2016/texmf-dist/tex/latex/oberdiek/grfext.sty
Package: grfext 2016/05/16 v1.2 Manage graphics extensions (HO)
)
Package grfext Info: Graphics extension search list:
(grfext)             [.png,.pdf,.jpg,.mps,.jpeg,.jbig2,.jb2,.PNG,.PDF,.JPG,.JPE
G,.JBIG2,.JB2,.eps]
(grfext)             \AppendGraphicsExtensions on input line 456.

(/usr/local/texlive/2016/texmf-dist/tex/latex/latexconfig/epstopdf-sys.cfg
File: epstopdf-sys.cfg 2010/07/13 v1.3 Configuration of (r)epstopdf for TeX Liv
e
))
\AtBeginShipoutBox=\box60
Package hyperref Info: Link coloring ON on input line 8.

(/usr/local/texlive/2016/texmf-dist/tex/latex/hyperref/nameref.sty
Package: nameref 2012/10/27 v2.43 Cross-referencing by name of section

(/usr/local/texlive/2016/texmf-dist/tex/generic/oberdiek/gettitlestring.sty
Package: gettitlestring 2016/05/16 v1.5 Cleanup title references (HO)
)
\c@section@level=\count175
)
LaTeX Info: Redefining \ref on input line 8.
LaTeX Info: Redefining \pageref on input line 8.
LaTeX Info: Redefining \nameref on input line 8.
LaTeX Info: Redefining \microtypecontext on input line 8.
Package microtype Info: Generating PDF output.
Package microtype Info: Character protrusion enabled (level 2).
Package microtype Info: Using default protrusion set `alltext'.
Package microtype Info: Automatic font expansion enabled (level 2),
(microtype)             stretch: 20, shrink: 20, step: 1, non-selected.
Package microtype Info: Using default expansion set `basictext'.
Package microtype Info: No adjustment of tracking.
Package microtype Info: No adjustment of interword spacing.
Package microtype Info: No adjustment of character kerning.

(/usr/local/texlive/2016/texmf-dist/tex/latex/microtype/mt-cmr.cfg
File: mt-cmr.cfg 2013/05/19 v2.2 microtype config. file: Computer Modern Roman 
(RS)
)
Class revtex4-1 Info: Taking \maketitle back from hyperref on input line 8.
Class revtex4-1 Info: Overriding lineo.sty, restoring output routine, on input 
line 8.
Class revtex4-1 Info: Line numbering not turned on yet on input line 8.
\openout3 = `_latexwork/popcornNotes.bib'.

Class revtex4-1 Info: Overriding \@LN@LLerror on input line 8.
LaTeX Font Info:    Try loading font information for U+lasy on input line 19.

(/usr/local/texlive/2016/texmf-dist/tex/latex/base/ulasy.fd
File: ulasy.fd 1998/08/17 v2.2e LaTeX symbol font definitions
)
LaTeX Font Info:    Try loading font information for U+msa on input line 19.

(/usr/local/texlive/2016/texmf-dist/tex/latex/amsfonts/umsa.fd
File: umsa.fd 2013/01/14 v3.01 AMS symbols A
)
(/usr/local/texlive/2016/texmf-dist/tex/latex/microtype/mt-msa.cfg
File: mt-msa.cfg 2006/02/04 v1.1 microtype config. file: AMS symbols (a) (RS)
)
LaTeX Font Info:    Try loading font information for U+msb on input line 19.

(/usr/local/texlive/2016/texmf-dist/tex/latex/amsfonts/umsb.fd
File: umsb.fd 2013/01/14 v3.01 AMS symbols B
)
(/usr/local/texlive/2016/texmf-dist/tex/latex/microtype/mt-msb.cfg
File: mt-msb.cfg 2005/06/01 v1.0 microtype config. file: AMS symbols (b) (RS)
)

Class revtex4-1 Warning: Assuming \noaffiliation for authors.

(./_latexwork/popcorn.bbl) [1{/usr/local/texlive/2016/texmf-var/fonts/map/pdfte
x/updmap/pdftex.map}]
Package atveryend Info: Empty hook `AfterLastShipout' on input line 46.
 (./_latexwork/popcorn.aux)
Package atveryend Info: Executing hook `AtVeryEndDocument' on input line 46.
Package atveryend Info: Empty hook `AtEndAfterFileList' on input line 46.
 )
(\end occurred when \ifx on line 99 was incomplete)
(\end occurred when \ifx on line 99 was incomplete)
(\end occurred when \ifx on line 99 was incomplete)
(\end occurred when \ifx on line 99 was incomplete)
(\end occurred when \ifx on line 99 was incomplete)
(\end occurred when \ifx on line 99 was incomplete)
(\end occurred when \ifx on line 99 was incomplete)
(\end occurred when \ifx on line 99 was incomplete)
(\end occurred when \ifx on line 99 was incomplete)
(\end occurred when \ifx on line 99 was incomplete)
(\end occurred when \ifx on line 96 was incomplete)
(\end occurred when \ifx on line 96 was incomplete)
(\end occurred when \ifx on line 96 was incomplete)
(\end occurred when \ifx on line 96 was incomplete)
(\end occurred when \ifx on line 96 was incomplete)
(\end occurred when \ifx on line 96 was incomplete)
(\end occurred when \ifx on line 96 was incomplete)
(\end occurred when \ifx on line 96 was incomplete)
(\end occurred when \ifx on line 96 was incomplete)
(\end occurred when \ifx on line 96 was incomplete)
(\end occurred when \ifx on line 91 was incomplete)
(\end occurred when \ifx on line 91 was incomplete)
(\end occurred when \ifx on line 91 was incomplete)
(\end occurred when \ifx on line 91 was incomplete)
(\end occurred when \ifx on line 91 was incomplete)
(\end occurred when \ifx on line 91 was incomplete)
(\end occurred when \ifx on line 91 was incomplete)
(\end occurred when \ifx on line 91 was incomplete)
(\end occurred when \ifx on line 91 was incomplete)
(\end occurred when \ifx on line 91 was incomplete)
(\end occurred when \ifx on line 81 was incomplete)
(\end occurred when \ifx on line 81 was incomplete)
(\end occurred when \ifx on line 81 was incomplete)
(\end occurred when \ifx on line 81 was incomplete)
(\end occurred when \ifx on line 81 was incomplete)
(\end occurred when \ifx on line 81 was incomplete)
(\end occurred when \ifx on line 81 was incomplete)
(\end occurred when \ifx on line 81 was incomplete)
(\end occurred when \ifx on line 81 was incomplete)
(\end occurred when \ifx on line 81 was incomplete)
(\end occurred when \ifx on line 81 was incomplete)
(\end occurred when \ifx on line 81 was incomplete)
(\end occurred when \ifx on line 81 was incomplete)
(\end occurred when \ifx on line 81 was incomplete)
(\end occurred when \ifx on line 81 was incomplete)
(\end occurred when \ifx on line 81 was incomplete)
(\end occurred when \ifx on line 81 was incomplete)
(\end occurred when \ifx on line 81 was incomplete)
(\end occurred when \ifx on line 81 was incomplete)
(\end occurred when \ifx on line 81 was incomplete)
(\end occurred when \ifx on line 81 was incomplete)
(\end occurred when \ifx on line 81 was incomplete)
(\end occurred when \ifx on line 81 was incomplete)
(\end occurred when \ifx on line 81 was incomplete)
(\end occurred when \ifx on line 81 was incomplete)
(\end occurred when \ifx on line 81 was incomplete)
(\end occurred when \ifx on line 81 was incomplete)
(\end occurred when \ifx on line 81 was incomplete)
(\end occurred when \ifx on line 81 was incomplete)
(\end occurred when \ifx on line 81 was incomplete)
(\end occurred when \ifx on line 74 was incomplete)
(\end occurred when \ifx on line 74 was incomplete)
(\end occurred when \ifx on line 74 was incomplete)
(\end occurred when \ifx on line 74 was incomplete)
(\end occurred when \ifx on line 74 was incomplete)
(\end occurred when \ifx on line 74 was incomplete)
(\end occurred when \ifx on line 74 was incomplete)
(\end occurred when \ifx on line 74 was incomplete)
(\end occurred when \ifx on line 74 was incomplete)
(\end occurred when \ifx on line 74 was incomplete)
(\end occurred when \ifx on line 74 was incomplete)
(\end occurred when \ifx on line 74 was incomplete)
(\end occurred when \ifx on line 74 was incomplete)
(\end occurred when \ifx on line 74 was incomplete)
(\end occurred when \ifx on line 74 was incomplete)
(\end occurred when \ifx on line 74 was incomplete)
(\end occurred when \ifx on line 74 was incomplete)
(\end occurred when \ifx on line 74 was incomplete)
(\end occurred when \ifx on line 74 was incomplete)
(\end occurred when \ifx on line 74 was incomplete)
(\end occurred when \ifx on line 74 was incomplete)
(\end occurred when \ifx on line 74 was incomplete)
(\end occurred when \ifx on line 74 was incomplete)
(\end occurred when \ifx on line 74 was incomplete)
(\end occurred when \ifx on line 74 was incomplete)
(\end occurred when \ifx on line 74 was incomplete)
(\end occurred when \ifx on line 74 was incomplete)
(\end occurred when \ifx on line 74 was incomplete)
(\end occurred when \ifx on line 74 was incomplete)
(\end occurred when \ifx on line 74 was incomplete) 
Here is how much of TeX's memory you used:
 11114 strings out of 493014
 159491 string characters out of 6133351
 321705 words of memory out of 5000000
 14464 multiletter control sequences out of 15000+600000
 18048 words of font info for 71 fonts, out of 8000000 for 9000
 1141 hyphenation exceptions out of 8191
 42i,7n,39p,254b,341s stack positions out of 5000i,500n,10000p,200000b,80000s
{/usr/local/texlive/2016/tex
mf-dist/fonts/enc/dvips/cm-super/cm-super-t1.enc}</usr/local/texlive/2016/texmf
-dist/fonts/type1/public/amsfonts/cm/cmr5.pfb></usr/local/texlive/2016/texmf-di
st/fonts/type1/public/amsfonts/cm/cmr7.pfb></usr/local/texlive/2016/texmf-dist/
fonts/type1/public/cm-super/sfcc0600.pfb></usr/local/texlive/2016/texmf-dist/fo
nts/type1/public/cm-super/sfcc0800.pfb></usr/local/texlive/2016/texmf-dist/font
s/type1/public/cm-super/sfcc0900.pfb></usr/local/texlive/2016/texmf-dist/fonts/
type1/public/cm-super/sfrm0700.pfb></usr/local/texlive/2016/texmf-dist/fonts/ty
pe1/public/cm-super/sfrm0800.pfb></usr/local/texlive/2016/texmf-dist/fonts/type
1/public/cm-super/sfrm0900.pfb></usr/local/texlive/2016/texmf-dist/fonts/type1/
public/cm-super/sfrm1000.pfb>
Output written on _latexwork/popcorn.pdf (1 page, 136628 bytes).
PDF statistics:
 59 PDF objects out of 1000 (max. 8388607)
 46 compressed objects within 1 object stream
 8 named destinations out of 1000 (max. 500000)
 19457 words of extra memory for PDF output out of 20736 (max. 10000000)

